mode: set
github.com/heeus/gocov/gocov.go:26.13,55.35 13 0
github.com/heeus/gocov/gocov.go:55.35,58.3 2 0
github.com/heeus/gocov/gocov.go:60.2,62.19 3 0
github.com/heeus/gocov/gocov.go:62.19,64.3 1 0
github.com/heeus/gocov/gocov.go:64.8,66.3 1 0
github.com/heeus/gocov/gocov.go:67.2,67.32 1 0
github.com/heeus/gocov/gocov.go:223.49,225.3 1 0
github.com/heeus/gocov/gocov.go:228.40,230.3 1 0
github.com/heeus/gocov/gocov.go:231.41,233.3 1 0
github.com/heeus/gocov/gocov.go:237.34,239.4 1 0
github.com/heeus/gocov/gocov.go:241.34,243.4 1 0
github.com/heeus/gocov/gocov.go:245.54,247.3 1 0
github.com/heeus/gocov/gocov.go:249.33,251.3 1 0
github.com/heeus/gocov/gocov.go:254.36,256.4 1 0
github.com/heeus/gocov/gocov.go:272.37,274.14 1 0
github.com/heeus/gocov/gocov.go:274.14,276.3 1 0
github.com/heeus/gocov/gocov.go:277.2,277.34 1 0
github.com/heeus/gocov/gocov.go:279.41,283.2 2 0
github.com/heeus/gocov/scanner/scanner.go:67.16,69.3 1 0
github.com/heeus/gocov/scanner/scanner.go:81.45,82.84 1 0
github.com/heeus/gocov/scanner/scanner.go:98.16,100.3 1 0
github.com/heeus/gocov/scanner/scanner.go:113.42,115.4 1 0
github.com/heeus/gocov/scanner/scanner.go:129.43,131.4 1 0
github.com/heeus/gocov/scanner/scanner.go:141.17,144.4 1 0
github.com/heeus/gocov/scanner/scanner.go:146.19,150.4 2 0
github.com/heeus/gocov/scanner/scanner.go:153.16,155.3 1 0
github.com/heeus/gocov/scanner/scanner.go:181.2,181.12 1 0
github.com/heeus/gocov/scanner/scanner.go:222.40,224.4 1 0
github.com/heeus/gocov/scanner/scanner.go:240.58,242.5 1 0
github.com/heeus/gocov/scanner/scanner.go:246.69,248.5 1 0
github.com/heeus/gocov/scanner/scanner.go:256.38,258.3 1 0
github.com/heeus/gocov/scanner/scanner.go:281.38,283.3 1 0
github.com/heeus/gocov/scanner/scanner.go:291.40,293.4 1 0
github.com/heeus/gocov/scanner/scanner.go:300.54,302.4 1 0
github.com/heeus/gocov/scanner/scanner.go:372.11,375.5 1 0
github.com/heeus/gocov/scanner/scanner.go:376.27,379.5 1 0
github.com/heeus/gocov/scanner/scanner.go:380.26,383.5 1 0
github.com/heeus/gocov/scanner/scanner.go:385.11,388.5 1 0
github.com/heeus/gocov/scanner/scanner.go:389.53,392.5 1 0
github.com/heeus/gocov/scanner/scanner.go:400.42,403.5 1 0
github.com/heeus/gocov/scanner/scanner.go:419.19,423.3 1 0
github.com/heeus/gocov/scanner/scanner.go:457.23,462.3 1 0
github.com/heeus/gocov/scanner/scanner.go:520.11,522.16 1 0
github.com/heeus/gocov/shared/builder/builder.go:34.16,36.3 1 0
github.com/heeus/gocov/shared/builder/builder.go:40.16,42.3 1 0
github.com/heeus/gocov/shared/builder/builder.go:54.82,57.3 2 0
github.com/heeus/gocov/shared/builder/builder.go:58.61,61.3 2 0
github.com/heeus/gocov/shared/builder/builder.go:65.16,67.3 1 0
github.com/heeus/gocov/shared/builder/builder.go:70.16,72.3 1 0
github.com/heeus/gocov/shared/builder/builder.go:85.16,87.3 1 0
github.com/heeus/gocov/shared/builder/builder.go:91.16,93.3 1 0
github.com/heeus/gocov/shared/builder/builder.go:104.16,106.3 1 0
github.com/heeus/gocov/shared/builder/builder.go:111.16,113.3 1 0
github.com/heeus/gocov/shared/builder/builder.go:145.95,147.3 1 0
github.com/heeus/gocov/shared/builder/builder.go:154.47,156.3 1 0
github.com/heeus/gocov/shared/builder/builder.go:160.66,162.5 1 0
github.com/heeus/gocov/shared/cache.go:56.16,58.3 1 0
github.com/heeus/gocov/shared/cache.go:70.16,72.3 1 0
github.com/heeus/gocov/shared/cache.go:85.16,87.3 1 0
github.com/heeus/gocov/shared/cache.go:102.16,104.3 1 0
github.com/heeus/gocov/shared/cache.go:119.16,121.3 1 0
github.com/heeus/gocov/shared/cache.go:132.16,134.3 1 0
github.com/heeus/gocov/shared/patsy.go:26.16,28.3 1 0
github.com/heeus/gocov/shared/patsy.go:40.16,42.3 1 0
github.com/heeus/gocov/shared/patsy.go:78.16,80.3 1 0
github.com/heeus/gocov/shared/patsy.go:86.16,88.3 1 0
github.com/heeus/gocov/shared/patsy.go:121.16,123.3 1 0
github.com/heeus/gocov/shared/shared.go:41.17,43.4 1 0
github.com/heeus/gocov/shared/vos/os/os.go:18.34,19.48 1 0
github.com/heeus/gocov/shared/vos/os/os.go:26.34,27.48 1 0
github.com/heeus/gocov/shared/vos/os/os.go:34.33,35.48 1 0
github.com/heeus/gocov/tester/merge/merge.go:18.55,20.4 1 0
github.com/heeus/gocov/tester/merge/merge.go:31.24,33.3 1 0
github.com/heeus/gocov/tester/merge/merge.go:43.26,45.3 1 0
github.com/heeus/gocov/tester/merge/merge.go:51.72,53.4 1 0
github.com/heeus/gocov/tester/merge/merge.go:65.25,67.3 1 0
github.com/heeus/gocov/tester/merge/merge.go:70.75,72.4 1 0
github.com/heeus/gocov/tester/merge/merge.go:76.26,77.33 1 0
github.com/heeus/gocov/tester/merge/merge.go:78.11,79.66 1 0
github.com/heeus/gocov/tester/merge/merge.go:81.8,82.12 1 0
github.com/heeus/gocov/tester/merge/merge.go:82.12,84.87 2 0
github.com/heeus/gocov/tester/merge/merge.go:84.87,86.5 1 0
github.com/heeus/gocov/tester/merge/merge.go:88.3,88.26 1 0
github.com/heeus/gocov/tester/merge/merge.go:88.26,90.99 2 0
github.com/heeus/gocov/tester/merge/merge.go:90.99,92.5 1 0
github.com/heeus/gocov/tester/merge/merge.go:94.3,96.19 3 0
github.com/heeus/gocov/tester/tester.go:44.16,46.3 1 0
github.com/heeus/gocov/tester/tester.go:48.54,50.4 1 0
github.com/heeus/gocov/tester/tester.go:59.63,61.3 1 0
github.com/heeus/gocov/tester/tester.go:65.48,67.4 1 0
github.com/heeus/gocov/tester/tester.go:85.16,87.3 1 0
github.com/heeus/gocov/tester/tester.go:93.16,95.3 1 0
github.com/heeus/gocov/tester/tester.go:143.17,145.4 1 0
github.com/heeus/gocov/tester/tester.go:147.17,149.4 1 0
github.com/heeus/gocov/tester/tester.go:173.17,175.4 1 0
github.com/heeus/gocov/tester/tester.go:227.16,229.3 1 0
github.com/heeus/gocov/tester/tester.go:237.16,240.3 1 0
github.com/heeus/gocov/tester/tester.go:254.19,258.3 1 0
github.com/heeus/gocov/tester/tester.go:259.27,263.3 1 0
github.com/heeus/gocov/tester/tester.go:269.31,272.3 1 0
github.com/heeus/gocov/tester/tester.go:287.76,290.3 1 0
github.com/heeus/gocov/tester/tester.go:291.16,294.22 1 0
github.com/heeus/gocov/tester/tester.go:294.22,297.4 1 0
github.com/heeus/gocov/tester/tester.go:298.3,298.88 1 0
github.com/heeus/gocov/tester/tester.go:305.16,307.3 1 0
github.com/heeus/gocov/tester/tester.go:309.66,311.4 1 0
github.com/heeus/gocov/tester/tester.go:323.20,326.12 1 0
github.com/heeus/gocov/tester/tester.go:335.17,338.4 1 0
