mode: set
github.com/heeus/gocov/gocov.go:26.13,57.35 14 0
github.com/heeus/gocov/gocov.go:57.35,60.3 2 0
github.com/heeus/gocov/gocov.go:62.2,64.35 3 0
github.com/heeus/gocov/gocov.go:64.35,66.3 1 0
github.com/heeus/gocov/gocov.go:66.8,68.3 1 0
github.com/heeus/gocov/gocov.go:69.2,69.32 1 0
github.com/heeus/gocov/gocov.go:274.37,276.14 1 0
github.com/heeus/gocov/gocov.go:276.14,278.3 1 0
github.com/heeus/gocov/gocov.go:279.2,279.34 1 0
github.com/heeus/gocov/gocov.go:281.41,285.2 2 0
github.com/heeus/gocov/scanner/scanner.go:143.17,146.4 1 0
github.com/heeus/gocov/scanner/scanner.go:148.19,152.4 2 0
github.com/heeus/gocov/scanner/scanner.go:183.2,183.12 1 0
github.com/heeus/gocov/scanner/scanner.go:374.11,377.5 1 0
github.com/heeus/gocov/scanner/scanner.go:378.27,381.5 1 0
github.com/heeus/gocov/scanner/scanner.go:382.26,385.5 1 0
github.com/heeus/gocov/scanner/scanner.go:387.11,390.5 1 0
github.com/heeus/gocov/scanner/scanner.go:391.53,394.5 1 0
github.com/heeus/gocov/scanner/scanner.go:402.42,405.5 1 0
github.com/heeus/gocov/scanner/scanner.go:421.19,425.3 1 0
github.com/heeus/gocov/scanner/scanner.go:459.23,464.3 1 0
github.com/heeus/gocov/scanner/scanner.go:522.11,524.16 1 0
github.com/heeus/gocov/tester/merge/merge.go:18.55,20.4 1 0
github.com/heeus/gocov/tester/merge/merge.go:31.24,33.3 1 0
github.com/heeus/gocov/tester/merge/merge.go:43.26,45.3 1 0
github.com/heeus/gocov/tester/merge/merge.go:51.72,53.4 1 0
github.com/heeus/gocov/tester/merge/merge.go:65.25,67.3 1 0
github.com/heeus/gocov/tester/merge/merge.go:70.75,72.4 1 0
github.com/heeus/gocov/tester/merge/merge.go:76.26,77.33 1 0
github.com/heeus/gocov/tester/merge/merge.go:78.11,79.66 1 0
github.com/heeus/gocov/tester/merge/merge.go:81.8,82.12 1 0
github.com/heeus/gocov/tester/merge/merge.go:82.12,84.87 2 0
github.com/heeus/gocov/tester/merge/merge.go:84.87,86.5 1 0
github.com/heeus/gocov/tester/merge/merge.go:88.3,88.26 1 0
github.com/heeus/gocov/tester/merge/merge.go:88.26,90.99 2 0
github.com/heeus/gocov/tester/merge/merge.go:90.99,92.5 1 0
github.com/heeus/gocov/tester/merge/merge.go:94.3,96.19 3 0
github.com/heeus/gocov/tester/tester.go:241.16,244.3 1 0
github.com/heeus/gocov/tester/tester.go:258.19,262.3 1 0
github.com/heeus/gocov/tester/tester.go:263.27,267.3 1 0
github.com/heeus/gocov/tester/tester.go:273.31,276.3 1 0
github.com/heeus/gocov/tester/tester.go:291.76,294.3 1 0
github.com/heeus/gocov/tester/tester.go:295.16,298.22 1 0
github.com/heeus/gocov/tester/tester.go:298.22,301.4 1 0
github.com/heeus/gocov/tester/tester.go:302.3,302.88 1 0
github.com/heeus/gocov/tester/tester.go:327.20,330.12 1 0
github.com/heeus/gocov/tester/tester.go:339.17,342.4 1 0
